[0m10:23:03.590455 [debug] [MainThread]: Sending event: {'category': 'dbt', 'action': 'invocation', 'label': 'start', 'context': [<snowplow_tracker.self_describing_json.SelfDescribingJson object at 0x0000023B7CA850D0>, <snowplow_tracker.self_describing_json.SelfDescribingJson object at 0x0000023B7D5626F0>, <snowplow_tracker.self_describing_json.SelfDescribingJson object at 0x0000023B7D5326F0>]}


============================== 10:23:03.594453 | d83ffae5-c807-49b1-9466-34a6ea638885 ==============================
[0m10:23:03.594453 [info ] [MainThread]: Running with dbt=1.8.7
[0m10:23:03.594453 [debug] [MainThread]: running dbt with arguments {'printer_width': '80', 'indirect_selection': 'eager', 'write_json': 'True', 'log_cache_events': 'False', 'partial_parse': 'True', 'cache_selected_only': 'False', 'profiles_dir': 'D:\\Data Engineering\\DataCamp Professional Data Engineer in Python\\dbt\\nyc_yellow_taxi', 'fail_fast': 'False', 'debug': 'False', 'log_path': 'D:\\Data Engineering\\DataCamp Professional Data Engineer in Python\\dbt\\nyc_yellow_taxi\\logs', 'warn_error': 'None', 'version_check': 'True', 'use_colors': 'True', 'use_experimental_parser': 'False', 'no_print': 'None', 'quiet': 'False', 'empty': 'None', 'log_format': 'default', 'invocation_command': 'dbt debug', 'introspect': 'True', 'static_parser': 'True', 'target_path': 'None', 'warn_error_options': 'WarnErrorOptions(include=[], exclude=[])', 'send_anonymous_usage_stats': 'True'}
[0m10:23:03.609664 [info ] [MainThread]: dbt version: 1.8.7
[0m10:23:03.610192 [info ] [MainThread]: python version: 3.12.3
[0m10:23:03.610699 [info ] [MainThread]: python path: D:\Data Engineering\DataCamp Professional Data Engineer in Python\.venv\Scripts\python.exe
[0m10:23:03.611706 [info ] [MainThread]: os info: Windows-10-10.0.19045-SP0
[0m10:23:03.712979 [info ] [MainThread]: Using profiles dir at D:\Data Engineering\DataCamp Professional Data Engineer in Python\dbt\nyc_yellow_taxi
[0m10:23:03.713631 [info ] [MainThread]: Using profiles.yml file at D:\Data Engineering\DataCamp Professional Data Engineer in Python\dbt\nyc_yellow_taxi\profiles.yml
[0m10:23:03.714640 [info ] [MainThread]: Using dbt_project.yml file at D:\Data Engineering\DataCamp Professional Data Engineer in Python\dbt\nyc_yellow_taxi\dbt_project.yml
[0m10:23:03.717670 [info ] [MainThread]: adapter type: duckdb
[0m10:23:03.717670 [info ] [MainThread]: adapter version: 1.8.4
[0m10:23:03.790638 [info ] [MainThread]: Configuration:
[0m10:23:03.790638 [info ] [MainThread]:   profiles.yml file [[32mOK found and valid[0m]
[0m10:23:03.791638 [info ] [MainThread]:   dbt_project.yml file [[32mOK found and valid[0m]
[0m10:23:03.792638 [info ] [MainThread]: Required dependencies:
[0m10:23:03.792638 [debug] [MainThread]: Executing "git --help"
[0m10:23:03.820337 [debug] [MainThread]: STDOUT: "b"usage: git [-v | --version] [-h | --help] [-C <path>] [-c <name>=<value>]\n           [--exec-path[=<path>]] [--html-path] [--man-path] [--info-path]\n           [-p | --paginate | -P | --no-pager] [--no-replace-objects] [--bare]\n           [--git-dir=<path>] [--work-tree=<path>] [--namespace=<name>]\n           [--config-env=<name>=<envvar>] <command> [<args>]\n\nThese are common Git commands used in various situations:\n\nstart a working area (see also: git help tutorial)\n   clone     Clone a repository into a new directory\n   init      Create an empty Git repository or reinitialize an existing one\n\nwork on the current change (see also: git help everyday)\n   add       Add file contents to the index\n   mv        Move or rename a file, a directory, or a symlink\n   restore   Restore working tree files\n   rm        Remove files from the working tree and from the index\n\nexamine the history and state (see also: git help revisions)\n   bisect    Use binary search to find the commit that introduced a bug\n   diff      Show changes between commits, commit and working tree, etc\n   grep      Print lines matching a pattern\n   log       Show commit logs\n   show      Show various types of objects\n   status    Show the working tree status\n\ngrow, mark and tweak your common history\n   branch    List, create, or delete branches\n   commit    Record changes to the repository\n   merge     Join two or more development histories together\n   rebase    Reapply commits on top of another base tip\n   reset     Reset current HEAD to the specified state\n   switch    Switch branches\n   tag       Create, list, delete or verify a tag object signed with GPG\n\ncollaborate (see also: git help workflows)\n   fetch     Download objects and refs from another repository\n   pull      Fetch from and integrate with another repository or a local branch\n   push      Update remote refs along with associated objects\n\n'git help -a' and 'git help -g' list available subcommands and some\nconcept guides. See 'git help <command>' or 'git help <concept>'\nto read about a specific subcommand or concept.\nSee 'git help git' for an overview of the system.\n""
[0m10:23:03.821338 [debug] [MainThread]: STDERR: "b''"
[0m10:23:03.821338 [info ] [MainThread]:  - git [[32mOK found[0m]

[0m10:23:03.822131 [info ] [MainThread]: Connection:
[0m10:23:03.823138 [info ] [MainThread]:   database: dbt
[0m10:23:03.823138 [info ] [MainThread]:   schema: main
[0m10:23:03.824137 [info ] [MainThread]:   path: dbt.duckdb
[0m10:23:03.824137 [info ] [MainThread]:   config_options: None
[0m10:23:03.825137 [info ] [MainThread]:   extensions: None
[0m10:23:03.825137 [info ] [MainThread]:   settings: {}
[0m10:23:03.826136 [info ] [MainThread]:   external_root: .
[0m10:23:03.826136 [info ] [MainThread]:   use_credential_provider: None
[0m10:23:03.827137 [info ] [MainThread]:   attach: None
[0m10:23:03.827137 [info ] [MainThread]:   filesystems: None
[0m10:23:03.828138 [info ] [MainThread]:   remote: None
[0m10:23:03.828138 [info ] [MainThread]:   plugins: None
[0m10:23:03.829137 [info ] [MainThread]:   disable_transactions: False
[0m10:23:03.829137 [info ] [MainThread]: Registered adapter: duckdb=1.8.4
[0m10:23:03.830136 [debug] [MainThread]: Acquiring new duckdb connection 'debug'
[0m10:23:05.209902 [debug] [MainThread]: Using duckdb connection "debug"
[0m10:23:05.209902 [debug] [MainThread]: On debug: select 1 as id
[0m10:23:05.209902 [debug] [MainThread]: Opening a new connection, currently in state init
[0m10:23:05.276776 [debug] [MainThread]: SQL status: OK in 0.066 seconds
[0m10:23:05.277805 [debug] [MainThread]: On debug: Close
[0m10:23:05.279772 [info ] [MainThread]:   Connection test: [[32mOK connection ok[0m]

[0m10:23:05.280771 [info ] [MainThread]: [32mAll checks passed![0m
[0m10:23:05.281772 [debug] [MainThread]: Command `dbt debug` succeeded at 10:23:05.281772 after 1.78 seconds
[0m10:23:05.281772 [debug] [MainThread]: Connection 'debug' was properly closed.
[0m10:23:05.282772 [debug] [MainThread]: Sending event: {'category': 'dbt', 'action': 'invocation', 'label': 'end', 'context': [<snowplow_tracker.self_describing_json.SelfDescribingJson object at 0x0000023B7D1468D0>, <snowplow_tracker.self_describing_json.SelfDescribingJson object at 0x0000023B7E98F680>, <snowplow_tracker.self_describing_json.SelfDescribingJson object at 0x0000023B7E98F440>]}
[0m10:23:05.282772 [debug] [MainThread]: Flushing usage events
[0m10:32:55.520912 [debug] [MainThread]: Sending event: {'category': 'dbt', 'action': 'invocation', 'label': 'start', 'context': [<snowplow_tracker.self_describing_json.SelfDescribingJson object at 0x00000230B0057980>, <snowplow_tracker.self_describing_json.SelfDescribingJson object at 0x00000230B0057860>, <snowplow_tracker.self_describing_json.SelfDescribingJson object at 0x00000230B0057440>]}


============================== 10:32:55.523911 | 259ec668-ce0e-40a2-a5ee-3d31fda4ad32 ==============================
[0m10:32:55.523911 [info ] [MainThread]: Running with dbt=1.8.7
[0m10:32:55.524912 [debug] [MainThread]: running dbt with arguments {'printer_width': '80', 'indirect_selection': 'eager', 'log_cache_events': 'False', 'write_json': 'True', 'partial_parse': 'True', 'cache_selected_only': 'False', 'profiles_dir': 'D:\\Data Engineering\\DataCamp Professional Data Engineer in Python\\dbt\\nyc_yellow_taxi', 'version_check': 'True', 'debug': 'False', 'log_path': 'D:\\Data Engineering\\DataCamp Professional Data Engineer in Python\\dbt\\nyc_yellow_taxi\\logs', 'warn_error': 'None', 'fail_fast': 'False', 'use_colors': 'True', 'use_experimental_parser': 'False', 'empty': 'False', 'quiet': 'False', 'no_print': 'None', 'warn_error_options': 'WarnErrorOptions(include=[], exclude=[])', 'invocation_command': 'dbt run', 'introspect': 'True', 'log_format': 'default', 'target_path': 'None', 'static_parser': 'True', 'send_anonymous_usage_stats': 'True'}
[0m10:32:55.712521 [debug] [MainThread]: Sending event: {'category': 'dbt', 'action': 'project_id', 'label': '259ec668-ce0e-40a2-a5ee-3d31fda4ad32', 'context': [<snowplow_tracker.self_describing_json.SelfDescribingJson object at 0x00000230B016A4E0>]}
[0m10:32:55.760518 [debug] [MainThread]: Sending event: {'category': 'dbt', 'action': 'adapter_info', 'label': '259ec668-ce0e-40a2-a5ee-3d31fda4ad32', 'context': [<snowplow_tracker.self_describing_json.SelfDescribingJson object at 0x00000230ADACBDD0>]}
[0m10:32:55.763519 [info ] [MainThread]: Registered adapter: duckdb=1.8.4
[0m10:32:55.779489 [debug] [MainThread]: checksum: 4af21dafb485259c48497ac86b711ddb1982f3d0f1c0ca4e09356de488b753c0, vars: {}, profile: , target: , version: 1.8.7
[0m10:32:55.780489 [info ] [MainThread]: Unable to do partial parsing because saved manifest not found. Starting full parse.
[0m10:32:55.781489 [debug] [MainThread]: Sending event: {'category': 'dbt', 'action': 'partial_parser', 'label': '259ec668-ce0e-40a2-a5ee-3d31fda4ad32', 'context': [<snowplow_tracker.self_describing_json.SelfDescribingJson object at 0x00000230AFEF7350>]}
[0m10:32:57.215226 [warn ] [MainThread]: [[33mWARNING[0m]: Configuration paths exist in your dbt_project.yml file which do not apply to any resources.
There are 1 unused configuration paths:
- models.nyc_yellow_taxi.taxi_rides
[0m10:32:57.219224 [debug] [MainThread]: Sending event: {'category': 'dbt', 'action': 'load_project', 'label': '259ec668-ce0e-40a2-a5ee-3d31fda4ad32', 'context': [<snowplow_tracker.self_describing_json.SelfDescribingJson object at 0x00000230B157B4A0>]}
[0m10:32:57.320249 [debug] [MainThread]: Sending event: {'category': 'dbt', 'action': 'resource_counts', 'label': '259ec668-ce0e-40a2-a5ee-3d31fda4ad32', 'context': [<snowplow_tracker.self_describing_json.SelfDescribingJson object at 0x00000230B1719880>]}
[0m10:32:57.320249 [info ] [MainThread]: Found 2 models, 4 data tests, 416 macros
[0m10:32:57.321325 [debug] [MainThread]: Sending event: {'category': 'dbt', 'action': 'runnable_timing', 'label': '259ec668-ce0e-40a2-a5ee-3d31fda4ad32', 'context': [<snowplow_tracker.self_describing_json.SelfDescribingJson object at 0x00000230B1704FB0>]}
[0m10:32:57.322360 [info ] [MainThread]: 
[0m10:32:57.323330 [debug] [MainThread]: Acquiring new duckdb connection 'master'
[0m10:32:57.327329 [debug] [ThreadPool]: Acquiring new duckdb connection 'list_dbt'
[0m10:32:57.385360 [debug] [ThreadPool]: Using duckdb connection "list_dbt"
[0m10:32:57.386368 [debug] [ThreadPool]: On list_dbt: /* {"app": "dbt", "dbt_version": "1.8.7", "profile_name": "nyc_yellow_taxi", "target_name": "dev", "connection_name": "list_dbt"} */

    
    select schema_name
    from system.information_schema.schemata
    
    where catalog_name = '"dbt"'
    
  
  
[0m10:32:57.386368 [debug] [ThreadPool]: Opening a new connection, currently in state init
[0m10:32:57.399329 [debug] [ThreadPool]: SQL status: OK in 0.012 seconds
[0m10:32:57.400330 [debug] [ThreadPool]: On list_dbt: Close
[0m10:32:57.402330 [debug] [ThreadPool]: Re-using an available connection from the pool (formerly list_dbt, now create_dbt_main)
[0m10:32:57.402330 [debug] [ThreadPool]: Creating schema "database: "dbt"
schema: "main"
"
[0m10:32:57.408330 [debug] [ThreadPool]: Using duckdb connection "create_dbt_main"
[0m10:32:57.408330 [debug] [ThreadPool]: On create_dbt_main: /* {"app": "dbt", "dbt_version": "1.8.7", "profile_name": "nyc_yellow_taxi", "target_name": "dev", "connection_name": "create_dbt_main"} */

    
        select type from duckdb_databases()
        where database_name='dbt'
        and type='sqlite'
    
  
[0m10:32:57.409331 [debug] [ThreadPool]: Opening a new connection, currently in state closed
[0m10:32:57.415330 [debug] [ThreadPool]: SQL status: OK in 0.006 seconds
[0m10:32:57.416330 [debug] [ThreadPool]: Using duckdb connection "create_dbt_main"
[0m10:32:57.416330 [debug] [ThreadPool]: On create_dbt_main: BEGIN
[0m10:32:57.417331 [debug] [ThreadPool]: SQL status: OK in 0.000 seconds
[0m10:32:57.417331 [debug] [ThreadPool]: Using duckdb connection "create_dbt_main"
[0m10:32:57.418331 [debug] [ThreadPool]: On create_dbt_main: /* {"app": "dbt", "dbt_version": "1.8.7", "profile_name": "nyc_yellow_taxi", "target_name": "dev", "connection_name": "create_dbt_main"} */

    
    
        create schema if not exists "dbt"."main"
    
[0m10:32:57.418331 [debug] [ThreadPool]: SQL status: OK in 0.000 seconds
[0m10:32:57.419330 [debug] [ThreadPool]: On create_dbt_main: COMMIT
[0m10:32:57.419330 [debug] [ThreadPool]: Using duckdb connection "create_dbt_main"
[0m10:32:57.420331 [debug] [ThreadPool]: On create_dbt_main: COMMIT
[0m10:32:57.420331 [debug] [ThreadPool]: SQL status: OK in 0.000 seconds
[0m10:32:57.420331 [debug] [ThreadPool]: On create_dbt_main: Close
[0m10:32:57.423331 [debug] [ThreadPool]: Acquiring new duckdb connection 'list_dbt_main'
[0m10:32:57.427329 [debug] [ThreadPool]: Using duckdb connection "list_dbt_main"
[0m10:32:57.427329 [debug] [ThreadPool]: On list_dbt_main: BEGIN
[0m10:32:57.428330 [debug] [ThreadPool]: Opening a new connection, currently in state init
[0m10:32:57.434330 [debug] [ThreadPool]: SQL status: OK in 0.006 seconds
[0m10:32:57.434330 [debug] [ThreadPool]: Using duckdb connection "list_dbt_main"
[0m10:32:57.434330 [debug] [ThreadPool]: On list_dbt_main: /* {"app": "dbt", "dbt_version": "1.8.7", "profile_name": "nyc_yellow_taxi", "target_name": "dev", "connection_name": "list_dbt_main"} */
select
      'dbt' as database,
      table_name as name,
      table_schema as schema,
      CASE table_type
        WHEN 'BASE TABLE' THEN 'table'
        WHEN 'VIEW' THEN 'view'
        WHEN 'LOCAL TEMPORARY' THEN 'table'
        END as type
    from system.information_schema.tables
    where table_schema = 'main'
    and table_catalog = 'dbt'
  
[0m10:32:57.465330 [debug] [ThreadPool]: SQL status: OK in 0.030 seconds
[0m10:32:57.466330 [debug] [ThreadPool]: On list_dbt_main: ROLLBACK
[0m10:32:57.467330 [debug] [ThreadPool]: Failed to rollback 'list_dbt_main'
[0m10:32:57.467330 [debug] [ThreadPool]: On list_dbt_main: Close
[0m10:32:57.470330 [debug] [MainThread]: Sending event: {'category': 'dbt', 'action': 'runnable_timing', 'label': '259ec668-ce0e-40a2-a5ee-3d31fda4ad32', 'context': [<snowplow_tracker.self_describing_json.SelfDescribingJson object at 0x00000230B12FFD70>]}
[0m10:32:57.470330 [debug] [MainThread]: Using duckdb connection "master"
[0m10:32:57.471330 [debug] [MainThread]: On master: BEGIN
[0m10:32:57.471330 [debug] [MainThread]: Opening a new connection, currently in state init
[0m10:32:57.477699 [debug] [MainThread]: SQL status: OK in 0.006 seconds
[0m10:32:57.478215 [debug] [MainThread]: On master: COMMIT
[0m10:32:57.478735 [debug] [MainThread]: Using duckdb connection "master"
[0m10:32:57.478735 [debug] [MainThread]: On master: COMMIT
[0m10:32:57.479253 [debug] [MainThread]: SQL status: OK in 0.000 seconds
[0m10:32:57.479806 [debug] [MainThread]: On master: Close
[0m10:32:57.481362 [info ] [MainThread]: Concurrency: 1 threads (target='dev')
[0m10:32:57.481879 [info ] [MainThread]: 
[0m10:32:57.485230 [debug] [Thread-1 (]: Began running node model.nyc_yellow_taxi.my_first_dbt_model
[0m10:32:57.485749 [info ] [Thread-1 (]: 1 of 2 START sql table model main.my_first_dbt_model ........................... [RUN]
[0m10:32:57.486271 [debug] [Thread-1 (]: Acquiring new duckdb connection 'model.nyc_yellow_taxi.my_first_dbt_model'
[0m10:32:57.486788 [debug] [Thread-1 (]: Began compiling node model.nyc_yellow_taxi.my_first_dbt_model
[0m10:32:57.492820 [debug] [Thread-1 (]: Writing injected SQL for node "model.nyc_yellow_taxi.my_first_dbt_model"
[0m10:32:57.494396 [debug] [Thread-1 (]: Began executing node model.nyc_yellow_taxi.my_first_dbt_model
[0m10:32:57.522355 [debug] [Thread-1 (]: Writing runtime sql for node "model.nyc_yellow_taxi.my_first_dbt_model"
[0m10:32:57.523918 [debug] [Thread-1 (]: Using duckdb connection "model.nyc_yellow_taxi.my_first_dbt_model"
[0m10:32:57.524442 [debug] [Thread-1 (]: On model.nyc_yellow_taxi.my_first_dbt_model: BEGIN
[0m10:32:57.524962 [debug] [Thread-1 (]: Opening a new connection, currently in state init
[0m10:32:57.531699 [debug] [Thread-1 (]: SQL status: OK in 0.006 seconds
[0m10:32:57.531710 [debug] [Thread-1 (]: Using duckdb connection "model.nyc_yellow_taxi.my_first_dbt_model"
[0m10:32:57.532227 [debug] [Thread-1 (]: On model.nyc_yellow_taxi.my_first_dbt_model: /* {"app": "dbt", "dbt_version": "1.8.7", "profile_name": "nyc_yellow_taxi", "target_name": "dev", "node_id": "model.nyc_yellow_taxi.my_first_dbt_model"} */

  
    
    

    create  table
      "dbt"."main"."my_first_dbt_model__dbt_tmp"
  
    as (
      /*
    Welcome to your first dbt model!
    Did you know that you can also configure models directly within SQL files?
    This will override configurations stated in dbt_project.yml

    Try changing "table" to "view" below
*/



with source_data as (

    select 1 as id
    union all
    select null as id

)

select *
from source_data

/*
    Uncomment the line below to remove records with null `id` values
*/

-- where id is not null
    );
  
  
[0m10:32:57.533774 [debug] [Thread-1 (]: SQL status: OK in 0.001 seconds
[0m10:32:57.538443 [debug] [Thread-1 (]: Using duckdb connection "model.nyc_yellow_taxi.my_first_dbt_model"
[0m10:32:57.538957 [debug] [Thread-1 (]: On model.nyc_yellow_taxi.my_first_dbt_model: /* {"app": "dbt", "dbt_version": "1.8.7", "profile_name": "nyc_yellow_taxi", "target_name": "dev", "node_id": "model.nyc_yellow_taxi.my_first_dbt_model"} */
alter table "dbt"."main"."my_first_dbt_model__dbt_tmp" rename to "my_first_dbt_model"
[0m10:32:57.539994 [debug] [Thread-1 (]: SQL status: OK in 0.000 seconds
[0m10:32:57.554407 [debug] [Thread-1 (]: On model.nyc_yellow_taxi.my_first_dbt_model: COMMIT
[0m10:32:57.555409 [debug] [Thread-1 (]: Using duckdb connection "model.nyc_yellow_taxi.my_first_dbt_model"
[0m10:32:57.555409 [debug] [Thread-1 (]: On model.nyc_yellow_taxi.my_first_dbt_model: COMMIT
[0m10:32:57.605336 [debug] [Thread-1 (]: SQL status: OK in 0.049 seconds
[0m10:32:57.609341 [debug] [Thread-1 (]: Using duckdb connection "model.nyc_yellow_taxi.my_first_dbt_model"
[0m10:32:57.609341 [debug] [Thread-1 (]: On model.nyc_yellow_taxi.my_first_dbt_model: /* {"app": "dbt", "dbt_version": "1.8.7", "profile_name": "nyc_yellow_taxi", "target_name": "dev", "node_id": "model.nyc_yellow_taxi.my_first_dbt_model"} */
drop table if exists "dbt"."main"."my_first_dbt_model__dbt_backup" cascade
[0m10:32:57.610342 [debug] [Thread-1 (]: SQL status: OK in 0.000 seconds
[0m10:32:57.612372 [debug] [Thread-1 (]: On model.nyc_yellow_taxi.my_first_dbt_model: Close
[0m10:32:57.736577 [debug] [Thread-1 (]: Sending event: {'category': 'dbt', 'action': 'run_model', 'label': '259ec668-ce0e-40a2-a5ee-3d31fda4ad32', 'context': [<snowplow_tracker.self_describing_json.SelfDescribingJson object at 0x00000230ADAFC1A0>]}
[0m10:32:57.736577 [info ] [Thread-1 (]: 1 of 2 OK created sql table model main.my_first_dbt_model ...................... [[32mOK[0m in 0.25s]
[0m10:32:57.737824 [debug] [Thread-1 (]: Finished running node model.nyc_yellow_taxi.my_first_dbt_model
[0m10:32:57.738832 [debug] [Thread-1 (]: Began running node model.nyc_yellow_taxi.my_second_dbt_model
[0m10:32:57.739831 [info ] [Thread-1 (]: 2 of 2 START sql view model main.my_second_dbt_model ........................... [RUN]
[0m10:32:57.740831 [debug] [Thread-1 (]: Re-using an available connection from the pool (formerly model.nyc_yellow_taxi.my_first_dbt_model, now model.nyc_yellow_taxi.my_second_dbt_model)
[0m10:32:57.740831 [debug] [Thread-1 (]: Began compiling node model.nyc_yellow_taxi.my_second_dbt_model
[0m10:32:57.743859 [debug] [Thread-1 (]: Writing injected SQL for node "model.nyc_yellow_taxi.my_second_dbt_model"
[0m10:32:57.744848 [debug] [Thread-1 (]: Began executing node model.nyc_yellow_taxi.my_second_dbt_model
[0m10:32:57.793859 [debug] [Thread-1 (]: Writing runtime sql for node "model.nyc_yellow_taxi.my_second_dbt_model"
[0m10:32:57.794831 [debug] [Thread-1 (]: Using duckdb connection "model.nyc_yellow_taxi.my_second_dbt_model"
[0m10:32:57.795846 [debug] [Thread-1 (]: On model.nyc_yellow_taxi.my_second_dbt_model: BEGIN
[0m10:32:57.795846 [debug] [Thread-1 (]: Opening a new connection, currently in state closed
[0m10:32:57.806844 [debug] [Thread-1 (]: SQL status: OK in 0.010 seconds
[0m10:32:57.806844 [debug] [Thread-1 (]: Using duckdb connection "model.nyc_yellow_taxi.my_second_dbt_model"
[0m10:32:57.807832 [debug] [Thread-1 (]: On model.nyc_yellow_taxi.my_second_dbt_model: /* {"app": "dbt", "dbt_version": "1.8.7", "profile_name": "nyc_yellow_taxi", "target_name": "dev", "node_id": "model.nyc_yellow_taxi.my_second_dbt_model"} */

  
  create view "dbt"."main"."my_second_dbt_model__dbt_tmp" as (
    -- Use the `ref` function to select from other models

select *
from "dbt"."main"."my_first_dbt_model"
where id = 1
  );

[0m10:32:57.807832 [debug] [Thread-1 (]: SQL status: OK in 0.000 seconds
[0m10:32:57.810831 [debug] [Thread-1 (]: Using duckdb connection "model.nyc_yellow_taxi.my_second_dbt_model"
[0m10:32:57.810831 [debug] [Thread-1 (]: On model.nyc_yellow_taxi.my_second_dbt_model: /* {"app": "dbt", "dbt_version": "1.8.7", "profile_name": "nyc_yellow_taxi", "target_name": "dev", "node_id": "model.nyc_yellow_taxi.my_second_dbt_model"} */
alter view "dbt"."main"."my_second_dbt_model__dbt_tmp" rename to "my_second_dbt_model"
[0m10:32:57.811830 [debug] [Thread-1 (]: SQL status: OK in 0.000 seconds
[0m10:32:57.812829 [debug] [Thread-1 (]: On model.nyc_yellow_taxi.my_second_dbt_model: COMMIT
[0m10:32:57.812829 [debug] [Thread-1 (]: Using duckdb connection "model.nyc_yellow_taxi.my_second_dbt_model"
[0m10:32:57.813830 [debug] [Thread-1 (]: On model.nyc_yellow_taxi.my_second_dbt_model: COMMIT
[0m10:32:57.945907 [debug] [Thread-1 (]: SQL status: OK in 0.131 seconds
[0m10:32:57.950867 [debug] [Thread-1 (]: Using duckdb connection "model.nyc_yellow_taxi.my_second_dbt_model"
[0m10:32:57.950867 [debug] [Thread-1 (]: On model.nyc_yellow_taxi.my_second_dbt_model: /* {"app": "dbt", "dbt_version": "1.8.7", "profile_name": "nyc_yellow_taxi", "target_name": "dev", "node_id": "model.nyc_yellow_taxi.my_second_dbt_model"} */
drop view if exists "dbt"."main"."my_second_dbt_model__dbt_backup" cascade
[0m10:32:57.951840 [debug] [Thread-1 (]: SQL status: OK in 0.000 seconds
[0m10:32:57.952840 [debug] [Thread-1 (]: On model.nyc_yellow_taxi.my_second_dbt_model: Close
[0m10:32:58.049629 [debug] [Thread-1 (]: Sending event: {'category': 'dbt', 'action': 'run_model', 'label': '259ec668-ce0e-40a2-a5ee-3d31fda4ad32', 'context': [<snowplow_tracker.self_describing_json.SelfDescribingJson object at 0x00000230B1BAA210>]}
[0m10:32:58.050629 [info ] [Thread-1 (]: 2 of 2 OK created sql view model main.my_second_dbt_model ...................... [[32mOK[0m in 0.31s]
[0m10:32:58.050629 [debug] [Thread-1 (]: Finished running node model.nyc_yellow_taxi.my_second_dbt_model
[0m10:32:58.051632 [debug] [MainThread]: Using duckdb connection "master"
[0m10:32:58.052662 [debug] [MainThread]: On master: BEGIN
[0m10:32:58.052662 [debug] [MainThread]: Opening a new connection, currently in state closed
[0m10:32:58.062630 [debug] [MainThread]: SQL status: OK in 0.010 seconds
[0m10:32:58.063629 [debug] [MainThread]: On master: COMMIT
[0m10:32:58.063629 [debug] [MainThread]: Using duckdb connection "master"
[0m10:32:58.064630 [debug] [MainThread]: On master: COMMIT
[0m10:32:58.064630 [debug] [MainThread]: SQL status: OK in 0.000 seconds
[0m10:32:58.064630 [debug] [MainThread]: On master: Close
[0m10:32:58.066630 [debug] [MainThread]: Connection 'master' was properly closed.
[0m10:32:58.066630 [debug] [MainThread]: Connection 'create_dbt_main' was properly closed.
[0m10:32:58.067630 [debug] [MainThread]: Connection 'list_dbt_main' was properly closed.
[0m10:32:58.067630 [debug] [MainThread]: Connection 'model.nyc_yellow_taxi.my_second_dbt_model' was properly closed.
[0m10:32:58.068630 [info ] [MainThread]: 
[0m10:32:58.068630 [info ] [MainThread]: Finished running 1 table model, 1 view model in 0 hours 0 minutes and 0.74 seconds (0.74s).
[0m10:32:58.069630 [debug] [MainThread]: Command end result
[0m10:32:58.089630 [info ] [MainThread]: 
[0m10:32:58.089630 [info ] [MainThread]: [32mCompleted successfully[0m
[0m10:32:58.090630 [info ] [MainThread]: 
[0m10:32:58.091632 [info ] [MainThread]: Done. PASS=2 WARN=0 ERROR=0 SKIP=0 TOTAL=2
[0m10:32:58.092630 [debug] [MainThread]: Command `dbt run` succeeded at 10:32:58.092630 after 2.66 seconds
[0m10:32:58.092630 [debug] [MainThread]: Sending event: {'category': 'dbt', 'action': 'invocation', 'label': 'end', 'context': [<snowplow_tracker.self_describing_json.SelfDescribingJson object at 0x00000230B16B3710>, <snowplow_tracker.self_describing_json.SelfDescribingJson object at 0x00000230AF86CC20>, <snowplow_tracker.self_describing_json.SelfDescribingJson object at 0x00000230AC6756A0>]}
[0m10:32:58.093630 [debug] [MainThread]: Flushing usage events
[0m10:35:04.702413 [debug] [MainThread]: Sending event: {'category': 'dbt', 'action': 'invocation', 'label': 'start', 'context': [<snowplow_tracker.self_describing_json.SelfDescribingJson object at 0x000002C8C1E433B0>, <snowplow_tracker.self_describing_json.SelfDescribingJson object at 0x000002C8C1BD61B0>, <snowplow_tracker.self_describing_json.SelfDescribingJson object at 0x000002C8C0F7FCB0>]}


============================== 10:35:04.705414 | 6ad41bd3-1855-443f-8018-dff14deb6eaa ==============================
[0m10:35:04.705414 [info ] [MainThread]: Running with dbt=1.8.7
[0m10:35:04.706415 [debug] [MainThread]: running dbt with arguments {'printer_width': '80', 'indirect_selection': 'eager', 'write_json': 'True', 'log_cache_events': 'False', 'partial_parse': 'True', 'cache_selected_only': 'False', 'warn_error': 'None', 'fail_fast': 'False', 'debug': 'False', 'log_path': 'D:\\Data Engineering\\DataCamp Professional Data Engineer in Python\\dbt\\nyc_yellow_taxi\\logs', 'profiles_dir': 'D:\\Data Engineering\\DataCamp Professional Data Engineer in Python\\dbt\\nyc_yellow_taxi', 'version_check': 'True', 'use_colors': 'True', 'use_experimental_parser': 'False', 'no_print': 'None', 'quiet': 'False', 'empty': 'False', 'log_format': 'default', 'introspect': 'True', 'warn_error_options': 'WarnErrorOptions(include=[], exclude=[])', 'invocation_command': 'dbt run', 'target_path': 'None', 'static_parser': 'True', 'send_anonymous_usage_stats': 'True'}
[0m10:35:04.894454 [debug] [MainThread]: Sending event: {'category': 'dbt', 'action': 'project_id', 'label': '6ad41bd3-1855-443f-8018-dff14deb6eaa', 'context': [<snowplow_tracker.self_describing_json.SelfDescribingJson object at 0x000002C8BFA4CE60>]}
[0m10:35:04.940454 [debug] [MainThread]: Sending event: {'category': 'dbt', 'action': 'adapter_info', 'label': '6ad41bd3-1855-443f-8018-dff14deb6eaa', 'context': [<snowplow_tracker.self_describing_json.SelfDescribingJson object at 0x000002C8C2077F50>]}
[0m10:35:04.943469 [info ] [MainThread]: Registered adapter: duckdb=1.8.4
[0m10:35:04.950455 [debug] [MainThread]: checksum: 4af21dafb485259c48497ac86b711ddb1982f3d0f1c0ca4e09356de488b753c0, vars: {}, profile: , target: , version: 1.8.7
[0m10:35:05.071455 [debug] [MainThread]: Partial parsing enabled: 3 files deleted, 1 files added, 0 files changed.
[0m10:35:05.071455 [debug] [MainThread]: Partial parsing: added file: nyc_yellow_taxi://models\taxi_rides\taxi_rides_raw.sql
[0m10:35:05.072455 [debug] [MainThread]: Partial parsing: deleted file: nyc_yellow_taxi://models\example\my_second_dbt_model.sql
[0m10:35:05.072455 [debug] [MainThread]: Partial parsing: deleted file: nyc_yellow_taxi://models\example\my_first_dbt_model.sql
[0m10:35:05.241454 [debug] [MainThread]: Sending event: {'category': 'dbt', 'action': 'load_project', 'label': '6ad41bd3-1855-443f-8018-dff14deb6eaa', 'context': [<snowplow_tracker.self_describing_json.SelfDescribingJson object at 0x000002C8C3565B20>]}
[0m10:35:05.302452 [debug] [MainThread]: Sending event: {'category': 'dbt', 'action': 'resource_counts', 'label': '6ad41bd3-1855-443f-8018-dff14deb6eaa', 'context': [<snowplow_tracker.self_describing_json.SelfDescribingJson object at 0x000002C8C32A3230>]}
[0m10:35:05.302452 [info ] [MainThread]: Found 1 model, 416 macros
[0m10:35:05.303452 [debug] [MainThread]: Sending event: {'category': 'dbt', 'action': 'runnable_timing', 'label': '6ad41bd3-1855-443f-8018-dff14deb6eaa', 'context': [<snowplow_tracker.self_describing_json.SelfDescribingJson object at 0x000002C8C32CA1B0>]}
[0m10:35:05.305452 [info ] [MainThread]: 
[0m10:35:05.305452 [debug] [MainThread]: Acquiring new duckdb connection 'master'
[0m10:35:05.306452 [debug] [ThreadPool]: Acquiring new duckdb connection 'list_dbt'
[0m10:35:05.365482 [debug] [ThreadPool]: Using duckdb connection "list_dbt"
[0m10:35:05.365482 [debug] [ThreadPool]: On list_dbt: /* {"app": "dbt", "dbt_version": "1.8.7", "profile_name": "nyc_yellow_taxi", "target_name": "dev", "connection_name": "list_dbt"} */

    
    select schema_name
    from system.information_schema.schemata
    
    where catalog_name = '"dbt"'
    
  
  
[0m10:35:05.366476 [debug] [ThreadPool]: Opening a new connection, currently in state init
[0m10:35:05.374679 [debug] [ThreadPool]: SQL status: OK in 0.009 seconds
[0m10:35:05.375708 [debug] [ThreadPool]: On list_dbt: Close
[0m10:35:05.378678 [debug] [ThreadPool]: Re-using an available connection from the pool (formerly list_dbt, now create_dbt_main)
[0m10:35:05.378678 [debug] [ThreadPool]: Creating schema "database: "dbt"
schema: "main"
"
[0m10:35:05.384678 [debug] [ThreadPool]: Using duckdb connection "create_dbt_main"
[0m10:35:05.385679 [debug] [ThreadPool]: On create_dbt_main: /* {"app": "dbt", "dbt_version": "1.8.7", "profile_name": "nyc_yellow_taxi", "target_name": "dev", "connection_name": "create_dbt_main"} */

    
        select type from duckdb_databases()
        where database_name='dbt'
        and type='sqlite'
    
  
[0m10:35:05.385679 [debug] [ThreadPool]: Opening a new connection, currently in state closed
[0m10:35:05.392678 [debug] [ThreadPool]: SQL status: OK in 0.007 seconds
[0m10:35:05.393708 [debug] [ThreadPool]: Using duckdb connection "create_dbt_main"
[0m10:35:05.393708 [debug] [ThreadPool]: On create_dbt_main: BEGIN
[0m10:35:05.394710 [debug] [ThreadPool]: SQL status: OK in 0.000 seconds
[0m10:35:05.394710 [debug] [ThreadPool]: Using duckdb connection "create_dbt_main"
[0m10:35:05.394710 [debug] [ThreadPool]: On create_dbt_main: /* {"app": "dbt", "dbt_version": "1.8.7", "profile_name": "nyc_yellow_taxi", "target_name": "dev", "connection_name": "create_dbt_main"} */

    
    
        create schema if not exists "dbt"."main"
    
[0m10:35:05.395678 [debug] [ThreadPool]: SQL status: OK in 0.000 seconds
[0m10:35:05.396680 [debug] [ThreadPool]: On create_dbt_main: COMMIT
[0m10:35:05.396680 [debug] [ThreadPool]: Using duckdb connection "create_dbt_main"
[0m10:35:05.397678 [debug] [ThreadPool]: On create_dbt_main: COMMIT
[0m10:35:05.397678 [debug] [ThreadPool]: SQL status: OK in 0.000 seconds
[0m10:35:05.397678 [debug] [ThreadPool]: On create_dbt_main: Close
[0m10:35:05.400678 [debug] [ThreadPool]: Acquiring new duckdb connection 'list_dbt_main'
[0m10:35:05.404678 [debug] [ThreadPool]: Using duckdb connection "list_dbt_main"
[0m10:35:05.404678 [debug] [ThreadPool]: On list_dbt_main: BEGIN
[0m10:35:05.405679 [debug] [ThreadPool]: Opening a new connection, currently in state init
[0m10:35:05.411679 [debug] [ThreadPool]: SQL status: OK in 0.006 seconds
[0m10:35:05.411679 [debug] [ThreadPool]: Using duckdb connection "list_dbt_main"
[0m10:35:05.412679 [debug] [ThreadPool]: On list_dbt_main: /* {"app": "dbt", "dbt_version": "1.8.7", "profile_name": "nyc_yellow_taxi", "target_name": "dev", "connection_name": "list_dbt_main"} */
select
      'dbt' as database,
      table_name as name,
      table_schema as schema,
      CASE table_type
        WHEN 'BASE TABLE' THEN 'table'
        WHEN 'VIEW' THEN 'view'
        WHEN 'LOCAL TEMPORARY' THEN 'table'
        END as type
    from system.information_schema.tables
    where table_schema = 'main'
    and table_catalog = 'dbt'
  
[0m10:35:05.440708 [debug] [ThreadPool]: SQL status: OK in 0.028 seconds
[0m10:35:05.441680 [debug] [ThreadPool]: On list_dbt_main: ROLLBACK
[0m10:35:05.442694 [debug] [ThreadPool]: Failed to rollback 'list_dbt_main'
[0m10:35:05.443708 [debug] [ThreadPool]: On list_dbt_main: Close
[0m10:35:05.446680 [debug] [MainThread]: Sending event: {'category': 'dbt', 'action': 'runnable_timing', 'label': '6ad41bd3-1855-443f-8018-dff14deb6eaa', 'context': [<snowplow_tracker.self_describing_json.SelfDescribingJson object at 0x000002C8C11DF380>]}
[0m10:35:05.446680 [debug] [MainThread]: Using duckdb connection "master"
[0m10:35:05.447678 [debug] [MainThread]: On master: BEGIN
[0m10:35:05.447678 [debug] [MainThread]: Opening a new connection, currently in state init
[0m10:35:05.453679 [debug] [MainThread]: SQL status: OK in 0.006 seconds
[0m10:35:05.454679 [debug] [MainThread]: On master: COMMIT
[0m10:35:05.454679 [debug] [MainThread]: Using duckdb connection "master"
[0m10:35:05.454679 [debug] [MainThread]: On master: COMMIT
[0m10:35:05.455679 [debug] [MainThread]: SQL status: OK in 0.000 seconds
[0m10:35:05.455679 [debug] [MainThread]: On master: Close
[0m10:35:05.457679 [info ] [MainThread]: Concurrency: 1 threads (target='dev')
[0m10:35:05.457679 [info ] [MainThread]: 
[0m10:35:05.460679 [debug] [Thread-1 (]: Began running node model.nyc_yellow_taxi.taxi_rides_raw
[0m10:35:05.460679 [info ] [Thread-1 (]: 1 of 1 START sql view model main.taxi_rides_raw ................................ [RUN]
[0m10:35:05.461678 [debug] [Thread-1 (]: Acquiring new duckdb connection 'model.nyc_yellow_taxi.taxi_rides_raw'
[0m10:35:05.461678 [debug] [Thread-1 (]: Began compiling node model.nyc_yellow_taxi.taxi_rides_raw
[0m10:35:05.466678 [debug] [Thread-1 (]: Writing injected SQL for node "model.nyc_yellow_taxi.taxi_rides_raw"
[0m10:35:05.485688 [debug] [Thread-1 (]: Began executing node model.nyc_yellow_taxi.taxi_rides_raw
[0m10:35:05.514678 [debug] [Thread-1 (]: Writing runtime sql for node "model.nyc_yellow_taxi.taxi_rides_raw"
[0m10:35:05.515679 [debug] [Thread-1 (]: Using duckdb connection "model.nyc_yellow_taxi.taxi_rides_raw"
[0m10:35:05.516678 [debug] [Thread-1 (]: On model.nyc_yellow_taxi.taxi_rides_raw: BEGIN
[0m10:35:05.516678 [debug] [Thread-1 (]: Opening a new connection, currently in state init
[0m10:35:05.522680 [debug] [Thread-1 (]: SQL status: OK in 0.006 seconds
[0m10:35:05.523679 [debug] [Thread-1 (]: Using duckdb connection "model.nyc_yellow_taxi.taxi_rides_raw"
[0m10:35:05.523679 [debug] [Thread-1 (]: On model.nyc_yellow_taxi.taxi_rides_raw: /* {"app": "dbt", "dbt_version": "1.8.7", "profile_name": "nyc_yellow_taxi", "target_name": "dev", "node_id": "model.nyc_yellow_taxi.taxi_rides_raw"} */

  
  create view "dbt"."main"."taxi_rides_raw__dbt_tmp" as (
    -- Modify the following line to change the materialization type
with source_data as (
    -- Add the query as described to generate the data model
    select * 
    from read_parquet('yellow_tripdata_2023-01-partial.parquet')
)

select * from source_data
  );

[0m10:35:05.524679 [debug] [Thread-1 (]: DuckDB adapter: Error running SQL: /* {"app": "dbt", "dbt_version": "1.8.7", "profile_name": "nyc_yellow_taxi", "target_name": "dev", "node_id": "model.nyc_yellow_taxi.taxi_rides_raw"} */

  
  create view "dbt"."main"."taxi_rides_raw__dbt_tmp" as (
    -- Modify the following line to change the materialization type
with source_data as (
    -- Add the query as described to generate the data model
    select * 
    from read_parquet('yellow_tripdata_2023-01-partial.parquet')
)

select * from source_data
  );

[0m10:35:05.525678 [debug] [Thread-1 (]: DuckDB adapter: Rolling back transaction.
[0m10:35:05.525678 [debug] [Thread-1 (]: On model.nyc_yellow_taxi.taxi_rides_raw: ROLLBACK
[0m10:35:05.537679 [debug] [Thread-1 (]: Failed to rollback 'model.nyc_yellow_taxi.taxi_rides_raw'
[0m10:35:05.538679 [debug] [Thread-1 (]: On model.nyc_yellow_taxi.taxi_rides_raw: Close
[0m10:35:05.541818 [debug] [Thread-1 (]: Runtime Error in model taxi_rides_raw (models\taxi_rides\taxi_rides_raw.sql)
  IO Error: No files found that match the pattern "yellow_tripdata_2023-01-partial.parquet"
[0m10:35:05.543818 [debug] [Thread-1 (]: Sending event: {'category': 'dbt', 'action': 'run_model', 'label': '6ad41bd3-1855-443f-8018-dff14deb6eaa', 'context': [<snowplow_tracker.self_describing_json.SelfDescribingJson object at 0x000002C8C16F4380>]}
[0m10:35:05.543818 [error] [Thread-1 (]: 1 of 1 ERROR creating sql view model main.taxi_rides_raw ....................... [[31mERROR[0m in 0.08s]
[0m10:35:05.544805 [debug] [Thread-1 (]: Finished running node model.nyc_yellow_taxi.taxi_rides_raw
[0m10:35:05.546697 [debug] [MainThread]: Using duckdb connection "master"
[0m10:35:05.546697 [debug] [MainThread]: On master: BEGIN
[0m10:35:05.546697 [debug] [MainThread]: Opening a new connection, currently in state closed
[0m10:35:05.553732 [debug] [MainThread]: SQL status: OK in 0.006 seconds
[0m10:35:05.553732 [debug] [MainThread]: On master: COMMIT
[0m10:35:05.554704 [debug] [MainThread]: Using duckdb connection "master"
[0m10:35:05.554704 [debug] [MainThread]: On master: COMMIT
[0m10:35:05.554704 [debug] [MainThread]: SQL status: OK in 0.000 seconds
[0m10:35:05.555705 [debug] [MainThread]: On master: Close
[0m10:35:05.556703 [debug] [MainThread]: Connection 'master' was properly closed.
[0m10:35:05.557702 [debug] [MainThread]: Connection 'create_dbt_main' was properly closed.
[0m10:35:05.557702 [debug] [MainThread]: Connection 'list_dbt_main' was properly closed.
[0m10:35:05.558702 [debug] [MainThread]: Connection 'model.nyc_yellow_taxi.taxi_rides_raw' was properly closed.
[0m10:35:05.558702 [info ] [MainThread]: 
[0m10:35:05.558702 [info ] [MainThread]: Finished running 1 view model in 0 hours 0 minutes and 0.25 seconds (0.25s).
[0m10:35:05.559703 [debug] [MainThread]: Command end result
[0m10:35:05.579743 [info ] [MainThread]: 
[0m10:35:05.579743 [info ] [MainThread]: [31mCompleted with 1 error and 0 warnings:[0m
[0m10:35:05.580743 [info ] [MainThread]: 
[0m10:35:05.581744 [error] [MainThread]:   Runtime Error in model taxi_rides_raw (models\taxi_rides\taxi_rides_raw.sql)
  IO Error: No files found that match the pattern "yellow_tripdata_2023-01-partial.parquet"
[0m10:35:05.581744 [info ] [MainThread]: 
[0m10:35:05.582771 [info ] [MainThread]: Done. PASS=0 WARN=0 ERROR=1 SKIP=0 TOTAL=1
[0m10:35:05.583743 [debug] [MainThread]: Command `dbt run` failed at 10:35:05.583743 after 0.96 seconds
[0m10:35:05.583743 [debug] [MainThread]: Sending event: {'category': 'dbt', 'action': 'invocation', 'label': 'end', 'context': [<snowplow_tracker.self_describing_json.SelfDescribingJson object at 0x000002C8C1C932C0>, <snowplow_tracker.self_describing_json.SelfDescribingJson object at 0x000002C8C20B9130>, <snowplow_tracker.self_describing_json.SelfDescribingJson object at 0x000002C8C1751640>]}
[0m10:35:05.584743 [debug] [MainThread]: Flushing usage events
